2022-07-02 16:08:24.546 INFO [restartedMain]com.example.paymentdemo.PaymentDemoApplication.logStarting:55 -Starting PaymentDemoApplication using Java 15.0.2 on hayashiyasuhiros-MacBook-Pro.local with PID 10563 (/Users/linbob/Desktop/code/All_Java/spring/wechat_project/payment-demo/payment-demo/target/classes started by linbob in /Users/linbob/Desktop/code/All_Java/spring/wechat_project/payment-demo/payment-demo)
2022-07-02 16:08:24.551 INFO [restartedMain]com.example.paymentdemo.PaymentDemoApplication.logStartupProfileInfo:634 -No active profile set, falling back to 1 default profile: "default"
2022-07-02 16:08:24.744 INFO [restartedMain]o.s.d.repository.config.RepositoryConfigurationDelegate.multipleStoresDetected:262 -Multiple Spring Data modules found, entering strict repository configuration mode
2022-07-02 16:08:24.745 INFO [restartedMain]o.s.d.repository.config.RepositoryConfigurationDelegate.registerRepositoriesIn:132 -Bootstrapping Spring Data Redis repositories in DEFAULT mode.
2022-07-02 16:08:24.753 INFO [restartedMain]o.s.d.repository.config.RepositoryConfigurationDelegate.registerRepositoriesIn:201 -Finished Spring Data repository scanning in 7 ms. Found 0 Redis repository interfaces.
2022-07-02 16:08:24.913 INFO [restartedMain]o.s.boot.web.embedded.tomcat.TomcatWebServer.initialize:108 -Tomcat initialized with port(s): 8080 (http)
2022-07-02 16:08:24.915 INFO [restartedMain]org.apache.catalina.core.StandardService.log:173 -Starting service [Tomcat]
2022-07-02 16:08:24.915 INFO [restartedMain]org.apache.catalina.core.StandardEngine.log:173 -Starting Servlet engine: [Apache Tomcat/9.0.64]
2022-07-02 16:08:24.925 INFO [restartedMain]o.a.catalina.core.ContainerBase.[Tomcat].[localhost].[/].log:173 -Initializing Spring embedded WebApplicationContext
2022-07-02 16:08:24.926 INFO [restartedMain]o.s.b.w.s.context.ServletWebServerApplicationContext.prepareWebApplicationContext:292 -Root WebApplicationContext: initialization completed in 366 ms
2022-07-02 16:08:25.207 INFO [restartedMain]o.s.boot.devtools.autoconfigure.OptionalLiveReloadServer.startServer:58 -LiveReload server is running on port 35729
2022-07-02 16:08:25.222 INFO [restartedMain]o.s.boot.web.embedded.tomcat.TomcatWebServer.start:220 -Tomcat started on port(s): 8080 (http) with context path ''
2022-07-02 16:08:25.227 INFO [restartedMain]com.example.paymentdemo.PaymentDemoApplication.logStarted:61 -Started PaymentDemoApplication in 1.019 seconds (JVM running for 1294.397)
2022-07-02 16:08:25.228 INFO [restartedMain]o.s.b.d.a.ConditionEvaluationDeltaLoggingListener.onApplicationEvent:63 -Condition evaluation unchanged
2022-07-02 16:10:16.321 INFO [restartedMain]com.example.paymentdemo.PaymentDemoApplication.logStarting:55 -Starting PaymentDemoApplication using Java 15.0.2 on hayashiyasuhiros-MacBook-Pro.local with PID 10563 (/Users/linbob/Desktop/code/All_Java/spring/wechat_project/payment-demo/payment-demo/target/classes started by linbob in /Users/linbob/Desktop/code/All_Java/spring/wechat_project/payment-demo/payment-demo)
2022-07-02 16:10:16.324 INFO [restartedMain]com.example.paymentdemo.PaymentDemoApplication.logStartupProfileInfo:634 -No active profile set, falling back to 1 default profile: "default"
2022-07-02 16:10:16.618 INFO [restartedMain]o.s.d.repository.config.RepositoryConfigurationDelegate.multipleStoresDetected:262 -Multiple Spring Data modules found, entering strict repository configuration mode
2022-07-02 16:10:16.620 INFO [restartedMain]o.s.d.repository.config.RepositoryConfigurationDelegate.registerRepositoriesIn:132 -Bootstrapping Spring Data Redis repositories in DEFAULT mode.
2022-07-02 16:10:16.631 INFO [restartedMain]o.s.d.repository.config.RepositoryConfigurationDelegate.registerRepositoriesIn:201 -Finished Spring Data repository scanning in 8 ms. Found 0 Redis repository interfaces.
2022-07-02 16:10:16.864 INFO [restartedMain]o.s.boot.web.embedded.tomcat.TomcatWebServer.initialize:108 -Tomcat initialized with port(s): 8080 (http)
2022-07-02 16:10:16.869 INFO [restartedMain]org.apache.catalina.core.StandardService.log:173 -Starting service [Tomcat]
2022-07-02 16:10:16.888 INFO [restartedMain]org.apache.catalina.core.StandardEngine.log:173 -Starting Servlet engine: [Apache Tomcat/9.0.64]
2022-07-02 16:10:16.905 INFO [restartedMain]o.a.catalina.core.ContainerBase.[Tomcat].[localhost].[/].log:173 -Initializing Spring embedded WebApplicationContext
2022-07-02 16:10:16.906 INFO [restartedMain]o.s.b.w.s.context.ServletWebServerApplicationContext.prepareWebApplicationContext:292 -Root WebApplicationContext: initialization completed in 563 ms
2022-07-02 16:10:17.178 INFO [restartedMain]o.s.boot.devtools.autoconfigure.OptionalLiveReloadServer.startServer:58 -LiveReload server is running on port 35729
2022-07-02 16:10:17.206 INFO [restartedMain]o.s.boot.web.embedded.tomcat.TomcatWebServer.start:220 -Tomcat started on port(s): 8080 (http) with context path ''
2022-07-02 16:10:17.215 INFO [restartedMain]com.example.paymentdemo.PaymentDemoApplication.logStarted:61 -Started PaymentDemoApplication in 1.047 seconds (JVM running for 1406.385)
2022-07-02 16:10:17.230 INFO [restartedMain]o.s.b.d.a.ConditionEvaluationDeltaLoggingListener.onApplicationEvent:63 -Condition evaluation unchanged
2022-07-02 16:11:58.319 INFO [restartedMain]com.example.paymentdemo.PaymentDemoApplication.logStarting:55 -Starting PaymentDemoApplication using Java 15.0.2 on hayashiyasuhiros-MacBook-Pro.local with PID 10563 (/Users/linbob/Desktop/code/All_Java/spring/wechat_project/payment-demo/payment-demo/target/classes started by linbob in /Users/linbob/Desktop/code/All_Java/spring/wechat_project/payment-demo/payment-demo)
2022-07-02 16:11:58.323 INFO [restartedMain]com.example.paymentdemo.PaymentDemoApplication.logStartupProfileInfo:634 -No active profile set, falling back to 1 default profile: "default"
2022-07-02 16:11:58.527 INFO [restartedMain]o.s.d.repository.config.RepositoryConfigurationDelegate.multipleStoresDetected:262 -Multiple Spring Data modules found, entering strict repository configuration mode
2022-07-02 16:11:58.529 INFO [restartedMain]o.s.d.repository.config.RepositoryConfigurationDelegate.registerRepositoriesIn:132 -Bootstrapping Spring Data Redis repositories in DEFAULT mode.
2022-07-02 16:11:58.538 INFO [restartedMain]o.s.d.repository.config.RepositoryConfigurationDelegate.registerRepositoriesIn:201 -Finished Spring Data repository scanning in 5 ms. Found 0 Redis repository interfaces.
2022-07-02 16:11:58.699 INFO [restartedMain]o.s.boot.web.embedded.tomcat.TomcatWebServer.initialize:108 -Tomcat initialized with port(s): 8080 (http)
2022-07-02 16:11:58.702 INFO [restartedMain]org.apache.catalina.core.StandardService.log:173 -Starting service [Tomcat]
2022-07-02 16:11:58.703 INFO [restartedMain]org.apache.catalina.core.StandardEngine.log:173 -Starting Servlet engine: [Apache Tomcat/9.0.64]
2022-07-02 16:11:58.714 INFO [restartedMain]o.a.catalina.core.ContainerBase.[Tomcat].[localhost].[/].log:173 -Initializing Spring embedded WebApplicationContext
2022-07-02 16:11:58.714 INFO [restartedMain]o.s.b.w.s.context.ServletWebServerApplicationContext.prepareWebApplicationContext:292 -Root WebApplicationContext: initialization completed in 380 ms
2022-07-02 16:11:58.953 INFO [restartedMain]o.s.boot.devtools.autoconfigure.OptionalLiveReloadServer.startServer:58 -LiveReload server is running on port 35729
2022-07-02 16:11:58.965 INFO [restartedMain]o.s.boot.web.embedded.tomcat.TomcatWebServer.start:220 -Tomcat started on port(s): 8080 (http) with context path ''
2022-07-02 16:11:58.968 INFO [restartedMain]com.example.paymentdemo.PaymentDemoApplication.logStarted:61 -Started PaymentDemoApplication in 0.976 seconds (JVM running for 1508.138)
2022-07-02 16:11:58.969 INFO [restartedMain]o.s.b.d.a.ConditionEvaluationDeltaLoggingListener.onApplicationEvent:63 -Condition evaluation unchanged
2022-07-02 16:13:40.907 INFO [restartedMain]com.example.paymentdemo.PaymentDemoApplication.logStarting:55 -Starting PaymentDemoApplication using Java 15.0.2 on hayashiyasuhiros-MacBook-Pro.local with PID 10563 (/Users/linbob/Desktop/code/All_Java/spring/wechat_project/payment-demo/payment-demo/target/classes started by linbob in /Users/linbob/Desktop/code/All_Java/spring/wechat_project/payment-demo/payment-demo)
2022-07-02 16:13:40.910 INFO [restartedMain]com.example.paymentdemo.PaymentDemoApplication.logStartupProfileInfo:634 -No active profile set, falling back to 1 default profile: "default"
2022-07-02 16:13:41.146 INFO [restartedMain]o.s.d.repository.config.RepositoryConfigurationDelegate.multipleStoresDetected:262 -Multiple Spring Data modules found, entering strict repository configuration mode
2022-07-02 16:13:41.148 INFO [restartedMain]o.s.d.repository.config.RepositoryConfigurationDelegate.registerRepositoriesIn:132 -Bootstrapping Spring Data Redis repositories in DEFAULT mode.
2022-07-02 16:13:41.163 INFO [restartedMain]o.s.d.repository.config.RepositoryConfigurationDelegate.registerRepositoriesIn:201 -Finished Spring Data repository scanning in 11 ms. Found 0 Redis repository interfaces.
2022-07-02 16:13:41.313 INFO [restartedMain]o.s.boot.web.embedded.tomcat.TomcatWebServer.initialize:108 -Tomcat initialized with port(s): 8080 (http)
2022-07-02 16:13:41.315 INFO [restartedMain]org.apache.catalina.core.StandardService.log:173 -Starting service [Tomcat]
2022-07-02 16:13:41.315 INFO [restartedMain]org.apache.catalina.core.StandardEngine.log:173 -Starting Servlet engine: [Apache Tomcat/9.0.64]
2022-07-02 16:13:41.330 INFO [restartedMain]o.a.catalina.core.ContainerBase.[Tomcat].[localhost].[/].log:173 -Initializing Spring embedded WebApplicationContext
2022-07-02 16:13:41.330 INFO [restartedMain]o.s.b.w.s.context.ServletWebServerApplicationContext.prepareWebApplicationContext:292 -Root WebApplicationContext: initialization completed in 401 ms
2022-07-02 16:13:41.352 WARN [restartedMain]o.s.b.w.s.c.AnnotationConfigServletWebServerApplicationContext.refresh:591 -Exception encountered during context initialization - cancelling refresh attempt: org.springframework.beans.factory.UnsatisfiedDependencyException: Error creating bean with name 'orderController': Unsatisfied dependency expressed through field 'videoOrderService'; nested exception is org.springframework.beans.factory.NoSuchBeanDefinitionException: No qualifying bean of type 'com.example.paymentdemo.service.VideoOrderService' available: expected at least 1 bean which qualifies as autowire candidate. Dependency annotations: {@org.springframework.beans.factory.annotation.Autowired(required=true)}
2022-07-02 16:13:41.353 INFO [restartedMain]org.apache.catalina.core.StandardService.log:173 -Stopping service [Tomcat]
2022-07-02 16:13:41.371 INFO [restartedMain]o.s.b.a.logging.ConditionEvaluationReportLoggingListener.logMessage:136 -

Error starting ApplicationContext. To display the conditions report re-run your application with 'debug' enabled.
2022-07-02 23:17:08.272 INFO [restartedMain]com.example.paymentdemo.PaymentDemoApplication.logStarting:55 -Starting PaymentDemoApplication using Java 15.0.2 on hayashiyasuhiros-MacBook-Pro.local with PID 12482 (/Users/linbob/Desktop/code/All_Java/spring/wechat_project/payment-demo/payment-demo/target/classes started by linbob in /Users/linbob/Desktop/code/All_Java/spring/wechat_project/payment-demo/payment-demo)
2022-07-02 23:17:08.275 INFO [restartedMain]com.example.paymentdemo.PaymentDemoApplication.logStartupProfileInfo:634 -No active profile set, falling back to 1 default profile: "default"
2022-07-02 23:17:08.409 INFO [restartedMain]o.s.b.devtools.env.DevToolsPropertyDefaultsPostProcessor.logTo:255 -Devtools property defaults active! Set 'spring.devtools.add-properties' to 'false' to disable
2022-07-02 23:17:08.411 INFO [restartedMain]o.s.b.devtools.env.DevToolsPropertyDefaultsPostProcessor.logTo:255 -For additional web related logging consider setting the 'logging.level.web' property to 'DEBUG'
2022-07-02 23:17:09.675 INFO [restartedMain]o.s.d.repository.config.RepositoryConfigurationDelegate.multipleStoresDetected:262 -Multiple Spring Data modules found, entering strict repository configuration mode
2022-07-02 23:17:09.678 INFO [restartedMain]o.s.d.repository.config.RepositoryConfigurationDelegate.registerRepositoriesIn:132 -Bootstrapping Spring Data Redis repositories in DEFAULT mode.
2022-07-02 23:17:09.715 INFO [restartedMain]o.s.d.repository.config.RepositoryConfigurationDelegate.registerRepositoriesIn:201 -Finished Spring Data repository scanning in 23 ms. Found 0 Redis repository interfaces.
2022-07-02 23:17:10.377 INFO [restartedMain]o.s.boot.web.embedded.tomcat.TomcatWebServer.initialize:108 -Tomcat initialized with port(s): 8080 (http)
2022-07-02 23:17:10.386 INFO [restartedMain]org.apache.coyote.http11.Http11NioProtocol.log:173 -Initializing ProtocolHandler ["http-nio-8080"]
2022-07-02 23:17:10.391 INFO [restartedMain]org.apache.catalina.core.StandardService.log:173 -Starting service [Tomcat]
2022-07-02 23:17:10.391 INFO [restartedMain]org.apache.catalina.core.StandardEngine.log:173 -Starting Servlet engine: [Apache Tomcat/9.0.64]
2022-07-02 23:17:10.451 INFO [restartedMain]o.a.catalina.core.ContainerBase.[Tomcat].[localhost].[/].log:173 -Initializing Spring embedded WebApplicationContext
2022-07-02 23:17:10.453 INFO [restartedMain]o.s.b.w.s.context.ServletWebServerApplicationContext.prepareWebApplicationContext:292 -Root WebApplicationContext: initialization completed in 2042 ms
2022-07-02 23:17:11.291 INFO [restartedMain]o.s.boot.devtools.autoconfigure.OptionalLiveReloadServer.startServer:58 -LiveReload server is running on port 35729
2022-07-02 23:17:11.320 INFO [restartedMain]org.apache.coyote.http11.Http11NioProtocol.log:173 -Starting ProtocolHandler ["http-nio-8080"]
2022-07-02 23:17:11.342 INFO [restartedMain]o.s.boot.web.embedded.tomcat.TomcatWebServer.start:220 -Tomcat started on port(s): 8080 (http) with context path ''
2022-07-02 23:17:11.358 INFO [restartedMain]com.example.paymentdemo.PaymentDemoApplication.logStarted:61 -Started PaymentDemoApplication in 3.643 seconds (JVM running for 4.524)
